<?xml version="1.0" encoding="UTF-8"?>
<!-- Generated by org.testng.reporters.JUnitXMLReporter -->
<testsuite hostname="Saiful-PC" ignored="0" name="Default test" tests="4" failures="0" timestamp="2020-05-25T18:40:55 EDT" time="19.261" errors="0">
  <testcase name="facebrowser" time="0.538" classname="Practice1.comFaceTest"/>
  <testcase name="facebrowser" time="0.373" classname="Practice1.comFaceTest"/>
  <testcase name="facebrowser" time="0.299" classname="Practice1.comFaceTest"/>
  <testcase name="facebrowser" time="0.186" classname="Practice1.comFaceTest"/>
</testsuite> <!-- Default test -->
